2020-06-11 08:18:44 DEBUG SearchDDTest:33 - started initilizing the page class objects
2020-06-11 08:18:45 DEBUG SearchDDTest:38 - Verifying the linkedin home page title
2020-06-11 08:18:45 DEBUG SearchDDTest:40 - Verify the linkedin logo
2020-06-11 08:18:46 DEBUG SearchDDTest:42 - click on sign in link in the home page
2020-06-11 08:18:48 DEBUG SearchDDTest:44 - verify the linkedin login page
2020-06-11 08:18:48 DEBUG SearchDDTest:46 - verify the linkedin loginwelcome back text page
2020-06-11 08:18:51 DEBUG SearchDDTest:52 - perform the login once only
2020-06-11 08:19:07 DEBUG ExcelUtils:29 - Specify the path of file :D:\eclipseworkspaceAug2018\HybridFrameworkJune52020\src\test\java\com\qa\linkedin\data\LinkedinTestData.xlsx
2020-06-11 08:19:07 DEBUG ExcelUtils:32 - read the file
2020-06-11 08:19:07 DEBUG ExcelUtils:34 - Load workbook
2020-06-11 08:19:13 DEBUG ExcelUtils:39 - fetch the row count
2020-06-11 08:19:13 DEBUG ExcelUtils:41 - number of rows in the excel sheet is-->5
2020-06-11 08:19:13 DEBUG ExcelUtils:43 - number of columns in the excel sheet is -->1
2020-06-11 08:19:13 DEBUG SearchDDTest:60 - Started execuitng the searchPeopleTest...
2020-06-11 08:19:13 DEBUG LinkedinLoggedinPage:44 - wait and verify the profileRaildcard in HomePage
2020-06-11 08:19:13 DEBUG LinkedinLoggedinPage:37 - click on up icon
2020-06-11 08:19:14 DEBUG SearchDDTest:63 - performing the search operation for :ramesh
2020-06-11 08:19:14 DEBUG LinkedinLoggedinPage:50 - started Executing he doPeopleSearch() for ramesh
2020-06-11 08:19:14 DEBUG LinkedinLoggedinPage:51 - clear the content in search editbox
2020-06-11 08:19:14 DEBUG LinkedinLoggedinPage:53 - type the search keyword in editbox: ramesh
2020-06-11 08:19:15 DEBUG LinkedinLoggedinPage:55 - press the Enter key on search editbox
2020-06-11 08:19:19 DEBUG SearchDDTest:65 - fetch the results count for :ramesh
2020-06-11 08:19:19 DEBUG SearchResultsPage:27 - waiting for the search results page title -- Search | LinkedIn
2020-06-11 08:19:21 DEBUG SearchResultsPage:35 - wait for the search results text
2020-06-11 08:19:21 DEBUG SearchResultsPage:37 - getting the results text from webpage
2020-06-11 08:19:22 DEBUG SearchResultsPage:43 - results count in string format is-->252,866
2020-06-11 08:19:22 DEBUG SearchDDTest:67 - the results count for :ramesh is : 252866
2020-06-11 08:19:22 DEBUG SearchDDTest:68 - click on Hometab
2020-06-11 08:19:22 DEBUG SearchResultsPage:54 - wait for the home tab
2020-06-11 08:19:22 DEBUG SearchResultsPage:56 - check whether homeTab is clickable or not 
2020-06-11 08:19:24 DEBUG SearchDDTest:60 - Started execuitng the searchPeopleTest...
2020-06-11 08:19:24 DEBUG LinkedinLoggedinPage:44 - wait and verify the profileRaildcard in HomePage
2020-06-11 08:19:25 DEBUG LinkedinLoggedinPage:37 - click on up icon
2020-06-11 08:19:25 DEBUG SearchDDTest:63 - performing the search operation for :swapna
2020-06-11 08:19:25 DEBUG LinkedinLoggedinPage:50 - started Executing he doPeopleSearch() for swapna
2020-06-11 08:19:25 DEBUG LinkedinLoggedinPage:51 - clear the content in search editbox
2020-06-11 08:19:25 DEBUG LinkedinLoggedinPage:53 - type the search keyword in editbox: swapna
2020-06-11 08:19:26 DEBUG LinkedinLoggedinPage:55 - press the Enter key on search editbox
2020-06-11 08:19:29 DEBUG SearchDDTest:65 - fetch the results count for :swapna
2020-06-11 08:19:29 DEBUG SearchResultsPage:27 - waiting for the search results page title -- Search | LinkedIn
2020-06-11 08:19:29 DEBUG SearchResultsPage:35 - wait for the search results text
2020-06-11 08:19:29 DEBUG SearchResultsPage:37 - getting the results text from webpage
2020-06-11 08:19:29 DEBUG SearchResultsPage:43 - results count in string format is-->22,093
2020-06-11 08:19:29 DEBUG SearchDDTest:67 - the results count for :swapna is : 22093
2020-06-11 08:19:29 DEBUG SearchDDTest:68 - click on Hometab
2020-06-11 08:19:29 DEBUG SearchResultsPage:54 - wait for the home tab
2020-06-11 08:19:30 DEBUG SearchResultsPage:56 - check whether homeTab is clickable or not 
2020-06-11 08:19:32 DEBUG SearchDDTest:60 - Started execuitng the searchPeopleTest...
2020-06-11 08:19:32 DEBUG LinkedinLoggedinPage:44 - wait and verify the profileRaildcard in HomePage
2020-06-11 08:19:33 DEBUG LinkedinLoggedinPage:37 - click on up icon
2020-06-11 08:19:33 DEBUG SearchDDTest:63 - performing the search operation for :gowri
2020-06-11 08:19:33 DEBUG LinkedinLoggedinPage:50 - started Executing he doPeopleSearch() for gowri
2020-06-11 08:19:33 DEBUG LinkedinLoggedinPage:51 - clear the content in search editbox
2020-06-11 08:19:33 DEBUG LinkedinLoggedinPage:53 - type the search keyword in editbox: gowri
2020-06-11 08:19:34 DEBUG LinkedinLoggedinPage:55 - press the Enter key on search editbox
2020-06-11 08:19:36 DEBUG SearchDDTest:65 - fetch the results count for :gowri
2020-06-11 08:19:36 DEBUG SearchResultsPage:27 - waiting for the search results page title -- Search | LinkedIn
2020-06-11 08:19:36 DEBUG SearchResultsPage:35 - wait for the search results text
2020-06-11 08:19:36 DEBUG SearchResultsPage:37 - getting the results text from webpage
2020-06-11 08:19:36 DEBUG SearchResultsPage:43 - results count in string format is-->13,263
2020-06-11 08:19:36 DEBUG SearchDDTest:67 - the results count for :gowri is : 13263
2020-06-11 08:19:36 DEBUG SearchDDTest:68 - click on Hometab
2020-06-11 08:19:36 DEBUG SearchResultsPage:54 - wait for the home tab
2020-06-11 08:19:36 DEBUG SearchResultsPage:56 - check whether homeTab is clickable or not 
2020-06-11 08:19:40 DEBUG SearchDDTest:60 - Started execuitng the searchPeopleTest...
2020-06-11 08:19:40 DEBUG LinkedinLoggedinPage:44 - wait and verify the profileRaildcard in HomePage
2020-06-11 08:19:40 DEBUG LinkedinLoggedinPage:37 - click on up icon
2020-06-11 08:19:40 DEBUG SearchDDTest:63 - performing the search operation for :hema
2020-06-11 08:19:40 DEBUG LinkedinLoggedinPage:50 - started Executing he doPeopleSearch() for hema
2020-06-11 08:19:40 DEBUG LinkedinLoggedinPage:51 - clear the content in search editbox
2020-06-11 08:19:40 DEBUG LinkedinLoggedinPage:53 - type the search keyword in editbox: hema
2020-06-11 08:19:41 DEBUG LinkedinLoggedinPage:55 - press the Enter key on search editbox
2020-06-11 08:19:43 DEBUG SearchDDTest:65 - fetch the results count for :hema
2020-06-11 08:19:43 DEBUG SearchResultsPage:27 - waiting for the search results page title -- Search | LinkedIn
2020-06-11 08:19:44 DEBUG SearchResultsPage:35 - wait for the search results text
2020-06-11 08:19:44 DEBUG SearchResultsPage:37 - getting the results text from webpage
2020-06-11 08:19:44 DEBUG SearchResultsPage:43 - results count in string format is-->86,676
2020-06-11 08:19:44 DEBUG SearchDDTest:67 - the results count for :hema is : 86676
2020-06-11 08:19:44 DEBUG SearchDDTest:68 - click on Hometab
2020-06-11 08:19:44 DEBUG SearchResultsPage:54 - wait for the home tab
2020-06-11 08:19:44 DEBUG SearchResultsPage:56 - check whether homeTab is clickable or not 
2020-06-11 08:19:47 DEBUG SearchDDTest:60 - Started execuitng the searchPeopleTest...
2020-06-11 08:19:47 DEBUG LinkedinLoggedinPage:44 - wait and verify the profileRaildcard in HomePage
2020-06-11 08:19:47 DEBUG LinkedinLoggedinPage:37 - click on up icon
2020-06-11 08:19:48 DEBUG SearchDDTest:63 - performing the search operation for :narasimha
2020-06-11 08:19:48 DEBUG LinkedinLoggedinPage:50 - started Executing he doPeopleSearch() for narasimha
2020-06-11 08:19:48 DEBUG LinkedinLoggedinPage:51 - clear the content in search editbox
2020-06-11 08:19:48 DEBUG LinkedinLoggedinPage:53 - type the search keyword in editbox: narasimha
2020-06-11 08:19:49 DEBUG LinkedinLoggedinPage:55 - press the Enter key on search editbox
2020-06-11 08:19:51 DEBUG SearchDDTest:65 - fetch the results count for :narasimha
2020-06-11 08:19:51 DEBUG SearchResultsPage:27 - waiting for the search results page title -- Search | LinkedIn
2020-06-11 08:19:51 DEBUG SearchResultsPage:35 - wait for the search results text
2020-06-11 08:19:51 DEBUG SearchResultsPage:37 - getting the results text from webpage
2020-06-11 08:19:51 DEBUG SearchResultsPage:43 - results count in string format is-->22,323
2020-06-11 08:19:51 DEBUG SearchDDTest:67 - the results count for :narasimha is : 22323
2020-06-11 08:19:51 DEBUG SearchDDTest:68 - click on Hometab
2020-06-11 08:19:51 DEBUG SearchResultsPage:54 - wait for the home tab
2020-06-11 08:19:51 DEBUG SearchResultsPage:56 - check whether homeTab is clickable or not 
2020-06-11 08:19:54 DEBUG SearchDDTest:83 - perform the logout operation
2020-06-11 08:19:54 DEBUG LinkedinLoggedinPage:62 - wait for the visibility of profile image icon
2020-06-11 08:19:54 DEBUG LinkedinLoggedinPage:64 - click on profile icon
2020-06-11 08:19:54 DEBUG LinkedinLoggedinPage:66 - wait for the visibility of signout link
2020-06-11 08:19:55 DEBUG LinkedinLoggedinPage:68 - click on signoutLink
2020-06-11 08:19:57 DEBUG cache:45 - Couldn't find template in cache for "v3html/v3-html-index.ftl"("en", UTF-8, parsed); will try to load it.
2020-06-11 08:19:57 DEBUG cache:45 - TemplateLoader.findTemplateSource("v3html/v3-html-index_en.ftl"): Not found
2020-06-11 08:19:57 DEBUG cache:45 - TemplateLoader.findTemplateSource("v3html/v3-html-index.ftl"): Found
2020-06-11 08:19:57 DEBUG cache:45 - Loading template for "v3html/v3-html-index.ftl"("en", UTF-8, parsed) from "jar:file:/C:/Users/LENOVO/.m2/repository/com/aventstack/extentreports/4.0.9/extentreports-4.0.9.jar!/com/aventstack/extentreports/view/v3html/v3-html-index.ftl"
2020-06-11 08:19:58 DEBUG cache:45 - Couldn't find template in cache for "v3html/v3-html-head.ftl"("en", UTF-8, parsed); will try to load it.
2020-06-11 08:19:58 DEBUG cache:45 - TemplateLoader.findTemplateSource("v3html/v3-html-head_en.ftl"): Not found
2020-06-11 08:19:58 DEBUG cache:45 - TemplateLoader.findTemplateSource("v3html/v3-html-head.ftl"): Found
2020-06-11 08:19:58 DEBUG cache:45 - Loading template for "v3html/v3-html-head.ftl"("en", UTF-8, parsed) from "jar:file:/C:/Users/LENOVO/.m2/repository/com/aventstack/extentreports/4.0.9/extentreports-4.0.9.jar!/com/aventstack/extentreports/view/v3html/v3-html-head.ftl"
2020-06-11 08:19:58 DEBUG cache:45 - Couldn't find template in cache for "v3html/v3-html-nav.ftl"("en", UTF-8, parsed); will try to load it.
2020-06-11 08:19:58 DEBUG cache:45 - TemplateLoader.findTemplateSource("v3html/v3-html-nav_en.ftl"): Not found
2020-06-11 08:19:58 DEBUG cache:45 - TemplateLoader.findTemplateSource("v3html/v3-html-nav.ftl"): Found
2020-06-11 08:19:58 DEBUG cache:45 - Loading template for "v3html/v3-html-nav.ftl"("en", UTF-8, parsed) from "jar:file:/C:/Users/LENOVO/.m2/repository/com/aventstack/extentreports/4.0.9/extentreports-4.0.9.jar!/com/aventstack/extentreports/view/v3html/v3-html-nav.ftl"
2020-06-11 08:19:58 DEBUG cache:45 - Couldn't find template in cache for "v3html/test-view/v3-html-test-view.ftl"("en", UTF-8, parsed); will try to load it.
2020-06-11 08:19:58 DEBUG cache:45 - TemplateLoader.findTemplateSource("v3html/test-view/v3-html-test-view_en.ftl"): Not found
2020-06-11 08:19:58 DEBUG cache:45 - TemplateLoader.findTemplateSource("v3html/test-view/v3-html-test-view.ftl"): Found
2020-06-11 08:19:58 DEBUG cache:45 - Loading template for "v3html/test-view/v3-html-test-view.ftl"("en", UTF-8, parsed) from "jar:file:/C:/Users/LENOVO/.m2/repository/com/aventstack/extentreports/4.0.9/extentreports-4.0.9.jar!/com/aventstack/extentreports/view/v3html/test-view/v3-html-test-view.ftl"
2020-06-11 08:19:58 DEBUG cache:45 - Couldn't find template in cache for "v3html/test-view/v3-html-test-view-charts.ftl"("en", UTF-8, parsed); will try to load it.
2020-06-11 08:19:58 DEBUG cache:45 - TemplateLoader.findTemplateSource("v3html/test-view/v3-html-test-view-charts_en.ftl"): Not found
2020-06-11 08:19:58 DEBUG cache:45 - TemplateLoader.findTemplateSource("v3html/test-view/v3-html-test-view-charts.ftl"): Found
2020-06-11 08:19:58 DEBUG cache:45 - Loading template for "v3html/test-view/v3-html-test-view-charts.ftl"("en", UTF-8, parsed) from "jar:file:/C:/Users/LENOVO/.m2/repository/com/aventstack/extentreports/4.0.9/extentreports-4.0.9.jar!/com/aventstack/extentreports/view/v3html/test-view/v3-html-test-view-charts.ftl"
2020-06-11 08:19:58 DEBUG cache:45 - Couldn't find template in cache for "v3html/test-view/v3-html-standard.ftl"("en", UTF-8, parsed); will try to load it.
2020-06-11 08:19:58 DEBUG cache:45 - TemplateLoader.findTemplateSource("v3html/test-view/v3-html-standard_en.ftl"): Not found
2020-06-11 08:19:58 DEBUG cache:45 - TemplateLoader.findTemplateSource("v3html/test-view/v3-html-standard.ftl"): Found
2020-06-11 08:19:58 DEBUG cache:45 - Loading template for "v3html/test-view/v3-html-standard.ftl"("en", UTF-8, parsed) from "jar:file:/C:/Users/LENOVO/.m2/repository/com/aventstack/extentreports/4.0.9/extentreports-4.0.9.jar!/com/aventstack/extentreports/view/v3html/test-view/v3-html-standard.ftl"
2020-06-11 08:19:58 DEBUG cache:45 - "v3html/test-view/v3-html-standard.ftl"("en", UTF-8, parsed) cached copy not yet stale; using cached.
2020-06-11 08:19:58 DEBUG cache:45 - "v3html/test-view/v3-html-standard.ftl"("en", UTF-8, parsed) cached copy not yet stale; using cached.
2020-06-11 08:19:58 DEBUG cache:45 - "v3html/test-view/v3-html-standard.ftl"("en", UTF-8, parsed) cached copy not yet stale; using cached.
2020-06-11 08:19:58 DEBUG cache:45 - "v3html/test-view/v3-html-standard.ftl"("en", UTF-8, parsed) cached copy not yet stale; using cached.
2020-06-11 08:19:58 DEBUG cache:45 - Couldn't find template in cache for "v3html/category-view/v3-html-category-view.ftl"("en", UTF-8, parsed); will try to load it.
2020-06-11 08:19:58 DEBUG cache:45 - TemplateLoader.findTemplateSource("v3html/category-view/v3-html-category-view_en.ftl"): Not found
2020-06-11 08:19:58 DEBUG cache:45 - TemplateLoader.findTemplateSource("v3html/category-view/v3-html-category-view.ftl"): Found
2020-06-11 08:19:58 DEBUG cache:45 - Loading template for "v3html/category-view/v3-html-category-view.ftl"("en", UTF-8, parsed) from "jar:file:/C:/Users/LENOVO/.m2/repository/com/aventstack/extentreports/4.0.9/extentreports-4.0.9.jar!/com/aventstack/extentreports/view/v3html/category-view/v3-html-category-view.ftl"
2020-06-11 08:19:58 DEBUG cache:45 - Couldn't find template in cache for "v3html/exception-view/v3-html-exception-view.ftl"("en", UTF-8, parsed); will try to load it.
2020-06-11 08:19:58 DEBUG cache:45 - TemplateLoader.findTemplateSource("v3html/exception-view/v3-html-exception-view_en.ftl"): Not found
2020-06-11 08:19:58 DEBUG cache:45 - TemplateLoader.findTemplateSource("v3html/exception-view/v3-html-exception-view.ftl"): Found
2020-06-11 08:19:58 DEBUG cache:45 - Loading template for "v3html/exception-view/v3-html-exception-view.ftl"("en", UTF-8, parsed) from "jar:file:/C:/Users/LENOVO/.m2/repository/com/aventstack/extentreports/4.0.9/extentreports-4.0.9.jar!/com/aventstack/extentreports/view/v3html/exception-view/v3-html-exception-view.ftl"
2020-06-11 08:19:58 DEBUG cache:45 - Couldn't find template in cache for "v3html/author-view/v3-html-author-view.ftl"("en", UTF-8, parsed); will try to load it.
2020-06-11 08:19:58 DEBUG cache:45 - TemplateLoader.findTemplateSource("v3html/author-view/v3-html-author-view_en.ftl"): Not found
2020-06-11 08:19:58 DEBUG cache:45 - TemplateLoader.findTemplateSource("v3html/author-view/v3-html-author-view.ftl"): Found
2020-06-11 08:19:58 DEBUG cache:45 - Loading template for "v3html/author-view/v3-html-author-view.ftl"("en", UTF-8, parsed) from "jar:file:/C:/Users/LENOVO/.m2/repository/com/aventstack/extentreports/4.0.9/extentreports-4.0.9.jar!/com/aventstack/extentreports/view/v3html/author-view/v3-html-author-view.ftl"
2020-06-11 08:19:58 DEBUG cache:45 - Couldn't find template in cache for "v3html/dashboard-view/v3-html-dashboard-view.ftl"("en", UTF-8, parsed); will try to load it.
2020-06-11 08:19:58 DEBUG cache:45 - TemplateLoader.findTemplateSource("v3html/dashboard-view/v3-html-dashboard-view_en.ftl"): Not found
2020-06-11 08:19:58 DEBUG cache:45 - TemplateLoader.findTemplateSource("v3html/dashboard-view/v3-html-dashboard-view.ftl"): Found
2020-06-11 08:19:58 DEBUG cache:45 - Loading template for "v3html/dashboard-view/v3-html-dashboard-view.ftl"("en", UTF-8, parsed) from "jar:file:/C:/Users/LENOVO/.m2/repository/com/aventstack/extentreports/4.0.9/extentreports-4.0.9.jar!/com/aventstack/extentreports/view/v3html/dashboard-view/v3-html-dashboard-view.ftl"
2020-06-11 08:19:58 DEBUG cache:45 - Couldn't find template in cache for "v3html/logs-view/v3-html-testrunner-logs-view.ftl"("en", UTF-8, parsed); will try to load it.
2020-06-11 08:19:58 DEBUG cache:45 - TemplateLoader.findTemplateSource("v3html/logs-view/v3-html-testrunner-logs-view_en.ftl"): Not found
2020-06-11 08:19:58 DEBUG cache:45 - TemplateLoader.findTemplateSource("v3html/logs-view/v3-html-testrunner-logs-view.ftl"): Found
2020-06-11 08:19:58 DEBUG cache:45 - Loading template for "v3html/logs-view/v3-html-testrunner-logs-view.ftl"("en", UTF-8, parsed) from "jar:file:/C:/Users/LENOVO/.m2/repository/com/aventstack/extentreports/4.0.9/extentreports-4.0.9.jar!/com/aventstack/extentreports/view/v3html/logs-view/v3-html-testrunner-logs-view.ftl"
